1234
---
1 : 0234
1 : 1234
1 : 2234
1 : 3234
1 : 4234

1 : 1034
1 : 1134
1 : 1234
1 : 1334
1 : 1434

1 : 1204
1 : 1214
1 : 1224
1 : 1234
1 : 1244

1 : 1230
1 : 1231
1 : 1232
1 : 1233
1 : 1234

----
2234
---
2 : 0234
2 : 1234
2 : 2234
2 : 3234
2 : 4234

2 : 2034
2 : 2134
2 : 2234
2 : 2334
2 : 2434

2 : 2204
2 : 2214
2 : 2224
2 : 2234
2 : 2244

2 : 2230
2 : 2231
2 : 2232
2 : 2233
2 : 2234

----
3234
---
3 : 0234
3 : 1234
3 : 2234
3 : 3234
3 : 4234

3 : 3034
3 : 3134
3 : 3234
3 : 3334
3 : 3434

3 : 3204
3 : 3214
3 : 3224
3 : 3234
3 : 3244

3 : 3230
3 : 3231
3 : 3232
3 : 3233
3 : 3234

----
4234
---
4 : 0234
4 : 1234
4 : 2234
4 : 3234
4 : 4234

4 : 4034
4 : 4134
4 : 4234
4 : 4334
4 : 4434

4 : 4204
4 : 4214
4 : 4224
4 : 4234
4 : 4244

4 : 4230
4 : 4231
4 : 4232
4 : 4233
4 : 4234

----
1034
---
5 : 0034
5 : 1034
5 : 2034
5 : 3034
5 : 4034

5 : 1034
5 : 1134
5 : 1234
5 : 1334
5 : 1434

5 : 1004
5 : 1014
5 : 1024
5 : 1034
5 : 1044

5 : 1030
5 : 1031
5 : 1032
5 : 1033
5 : 1034

----
1134
---
6 : 0134
6 : 2134
6 : 3134
6 : 4134

6 : 1034
6 : 1234
6 : 1334
6 : 1434

6 : 1104
6 : 1124
6 : 1134
6 : 1144

6 : 1130
6 : 1132
6 : 1133
6 : 1134

----
1234
---
7 : 0234
7 : 1234
7 : 2234
7 : 3234
7 : 4234

7 : 1034
7 : 1134
7 : 1234
7 : 1334
7 : 1434

7 : 1204
7 : 1214
7 : 1224
7 : 1234
7 : 1244

7 : 1230
7 : 1231
7 : 1232
7 : 1233
7 : 1234

----
1334
---
8 : 0334
8 : 1334
8 : 2334
8 : 3334
8 : 4334

8 : 1034
8 : 1134
8 : 1234
8 : 1334
8 : 1434

8 : 1304
8 : 1314
8 : 1324
8 : 1334
8 : 1344

8 : 1330
8 : 1331
8 : 1332
8 : 1333
8 : 1334

----
1434
---
9 : 0434
9 : 1434
9 : 2434
9 : 3434
9 : 4434

9 : 1034
9 : 1134
9 : 1234
9 : 1334
9 : 1434

9 : 1404
9 : 1414
9 : 1424
9 : 1434
9 : 1444

9 : 1430
9 : 1431
9 : 1432
9 : 1433
9 : 1434

----
1204
---
10 : 0204
10 : 1204
10 : 2204
10 : 3204
10 : 4204

10 : 1004
10 : 1104
10 : 1204
10 : 1304
10 : 1404

10 : 1204
10 : 1214
10 : 1224
10 : 1234
10 : 1244

10 : 1200
10 : 1201
10 : 1202
10 : 1203
10 : 1204

----
1214
---
11 : 0214
11 : 1214
11 : 2214
11 : 3214
11 : 4214

11 : 1014
11 : 1114
11 : 1214
11 : 1314
11 : 1414

11 : 1204
11 : 1214
11 : 1224
11 : 1234
11 : 1244

11 : 1210
11 : 1211
11 : 1212
11 : 1213
11 : 1214

----
1224
---
12 : 0224
12 : 1224
12 : 3224
12 : 4224

12 : 1024
12 : 1124
12 : 1324
12 : 1424

12 : 1204
12 : 1214
12 : 1234
12 : 1244

12 : 1220
12 : 1221
12 : 1223
12 : 1224

----
1234
---
13 : 0234
13 : 1234
13 : 2234
13 : 3234
13 : 4234

13 : 1034
13 : 1134
13 : 1234
13 : 1334
13 : 1434

13 : 1204
13 : 1214
13 : 1224
13 : 1234
13 : 1244

13 : 1230
13 : 1231
13 : 1232
13 : 1233
13 : 1234

----
1244
---
14 : 0244
14 : 1244
14 : 2244
14 : 3244
14 : 4244

14 : 1044
14 : 1144
14 : 1244
14 : 1344
14 : 1444

14 : 1204
14 : 1214
14 : 1224
14 : 1234
14 : 1244

14 : 1240
14 : 1241
14 : 1242
14 : 1243
14 : 1244

----
1230
---
15 : 0230
15 : 1230
15 : 2230
15 : 3230
15 : 4230

15 : 1030
15 : 1130
15 : 1230
15 : 1330
15 : 1430

15 : 1200
15 : 1210
15 : 1220
15 : 1230
15 : 1240

15 : 1230
15 : 1231
15 : 1232
15 : 1233
15 : 1234

----
1231
---
16 : 0231
16 : 1231
16 : 2231
16 : 3231
16 : 4231

16 : 1031
16 : 1131
16 : 1231
16 : 1331
16 : 1431

16 : 1201
16 : 1211
16 : 1221
16 : 1231
16 : 1241

16 : 1230
16 : 1231
16 : 1232
16 : 1233
16 : 1234

----
1232
---
17 : 0232
17 : 1232
17 : 2232
17 : 3232
17 : 4232

17 : 1032
17 : 1132
17 : 1232
17 : 1332
17 : 1432

17 : 1202
17 : 1212
17 : 1222
17 : 1232
17 : 1242

17 : 1230
17 : 1231
17 : 1232
17 : 1233
17 : 1234

----
1233
---
18 : 0233
18 : 1233
18 : 2233
18 : 4233

18 : 1033
18 : 1133
18 : 1233
18 : 1433

18 : 1203
18 : 1213
18 : 1223
18 : 1243

18 : 1230
18 : 1231
18 : 1232
18 : 1234

----
1234
---
19 : 0234
19 : 1234
19 : 2234
19 : 3234
19 : 4234

19 : 1034
19 : 1134
19 : 1234
19 : 1334
19 : 1434

19 : 1204
19 : 1214
19 : 1224
19 : 1234
19 : 1244

19 : 1230
19 : 1231
19 : 1232
19 : 1233
19 : 1234

----
